<?xml version="1.0" encoding="UTF-8"?>
<testng-results ignored="0" total="1" passed="1" failed="0" skipped="0">
  <reporter-output>
    <line>
      <![CDATA[Reading value of urlfrom property file]]>
    </line>
    <line>
      <![CDATA[Launch the browser ]]>
    </line>
    <line>
      <![CDATA[Wating for 2000milis]]>
    </line>
    <line>
      <![CDATA[Reading value of mobileNumfrom property file]]>
    </line>
    <line>
      <![CDATA[Wating for 1000milis]]>
    </line>
    <line>
      <![CDATA[sending mobile number]]>
    </line>
    <line>
      <![CDATA[Wating for 1000milis]]>
    </line>
    <line>
      <![CDATA[clicking on sign Button]]>
    </line>
    <line>
      <![CDATA[Reading value of passwordfrom property file]]>
    </line>
    <line>
      <![CDATA[Wating for 1000milis]]>
    </line>
    <line>
      <![CDATA[Wating for 2000milis]]>
    </line>
    <line>
      <![CDATA[Handling popup]]>
    </line>
    <line>
      <![CDATA[getting userName]]>
    </line>
    <line>
      <![CDATA[Reading value of usernamefrom property file]]>
    </line>
    <line>
      <![CDATA[getting userName]]>
    </line>
    <line>
      <![CDATA[Taking screenshot ]]>
    </line>
    <line>
      <![CDATA[TC ValidateUserName is comleted succefully]]>
    </line>
    <line>
      <![CDATA[Wating for 1000milis]]>
    </line>
    <line>
      <![CDATA[Wating for 1000milis]]>
    </line>
    <line>
      <![CDATA[logging out from Neostox]]>
    </line>
    <line>
      <![CDATA[closing browser]]>
    </line>
  </reporter-output>
  <suite started-at="2022-12-10T23:56:30 IST" name="Default suite" finished-at="2022-12-10T23:56:56 IST" duration-ms="25148">
    <groups>
    </groups>
    <test started-at="2022-12-10T23:56:30 IST" name="Default test" finished-at="2022-12-10T23:56:56 IST" duration-ms="25148">
      <class name="NeoStoxTest.ValidateNeoStocksUserNamePropertiesFile">
        <test-method is-config="true" signature="launchNeoStox()[pri:0, instance:NeoStoxTest.ValidateNeoStocksUserNamePropertiesFile@4a94ee4]" started-at="2022-12-10T23:56:30 IST" name="launchNeoStox" finished-at="2022-12-10T23:56:43 IST" duration-ms="12179" status="PASS">
          <reporter-output>
            <line>
              <![CDATA[Reading value of urlfrom property file]]>
            </line>
            <line>
              <![CDATA[Launch the browser ]]>
            </line>
            <line>
              <![CDATA[Wating for 2000milis]]>
            </line>
          </reporter-output>
        </test-method> <!-- launchNeoStox -->
        <test-method is-config="true" signature="LoginToNewStox()[pri:0, instance:NeoStoxTest.ValidateNeoStocksUserNamePropertiesFile@4a94ee4]" started-at="2022-12-10T23:56:43 IST" name="LoginToNewStox" finished-at="2022-12-10T23:56:52 IST" duration-ms="9078" status="PASS">
          <reporter-output>
            <line>
              <![CDATA[Reading value of mobileNumfrom property file]]>
            </line>
            <line>
              <![CDATA[Wating for 1000milis]]>
            </line>
            <line>
              <![CDATA[sending mobile number]]>
            </line>
            <line>
              <![CDATA[Wating for 1000milis]]>
            </line>
            <line>
              <![CDATA[clicking on sign Button]]>
            </line>
            <line>
              <![CDATA[Reading value of passwordfrom property file]]>
            </line>
            <line>
              <![CDATA[Wating for 1000milis]]>
            </line>
            <line>
              <![CDATA[Wating for 2000milis]]>
            </line>
            <line>
              <![CDATA[Handling popup]]>
            </line>
          </reporter-output>
        </test-method> <!-- LoginToNewStox -->
        <test-method signature="ValidateUserName()[pri:0, instance:NeoStoxTest.ValidateNeoStocksUserNamePropertiesFile@4a94ee4]" started-at="2022-12-10T23:56:52 IST" name="ValidateUserName" finished-at="2022-12-10T23:56:52 IST" duration-ms="619" status="PASS">
          <reporter-output>
            <line>
              <![CDATA[getting userName]]>
            </line>
            <line>
              <![CDATA[Reading value of usernamefrom property file]]>
            </line>
            <line>
              <![CDATA[getting userName]]>
            </line>
            <line>
              <![CDATA[Taking screenshot ]]>
            </line>
            <line>
              <![CDATA[TC ValidateUserName is comleted succefully]]>
            </line>
          </reporter-output>
        </test-method> <!-- ValidateUserName -->
        <test-method is-config="true" signature="logout()[pri:0, instance:NeoStoxTest.ValidateNeoStocksUserNamePropertiesFile@4a94ee4]" started-at="2022-12-10T23:56:52 IST" name="logout" finished-at="2022-12-10T23:56:55 IST" duration-ms="2499" status="PASS">
          <reporter-output>
            <line>
              <![CDATA[Wating for 1000milis]]>
            </line>
            <line>
              <![CDATA[Wating for 1000milis]]>
            </line>
            <line>
              <![CDATA[logging out from Neostox]]>
            </line>
          </reporter-output>
        </test-method> <!-- logout -->
        <test-method is-config="true" signature="closeApplication()[pri:0, instance:NeoStoxTest.ValidateNeoStocksUserNamePropertiesFile@4a94ee4]" started-at="2022-12-10T23:56:55 IST" name="closeApplication" finished-at="2022-12-10T23:56:56 IST" duration-ms="699" status="PASS">
          <reporter-output>
            <line>
              <![CDATA[closing browser]]>
            </line>
          </reporter-output>
        </test-method> <!-- closeApplication -->
      </class> <!-- NeoStoxTest.ValidateNeoStocksUserNamePropertiesFile -->
    </test> <!-- Default test -->
  </suite> <!-- Default suite -->
</testng-results>
